<?xml version="1.0" encoding="UTF-8"?>
<!-- Generated by org.testng.reporters.JUnitReportReporter -->
<testsuite hostname="LAPTOP-JJ84U0A2" failures="0" tests="5" name="Module1_Test.EntrataHomeTestPage" time="26.493" errors="0" timestamp="2025-07-31T15:57:58 IST" skipped="0">
  <testcase classname="Module1_Test.EntrataHomeTestPage" name="verifyHomePageTitle" time="0.465"/>
  <testcase classname="Module1_Test.EntrataHomeTestPage" name="navigate_to_signup" time="12.905"/>
  <testcase classname="Module1_Test.EntrataHomeTestPage" name="logintoapp" time="0.808"/>
  <testcase classname="Module1_Test.EntrataHomeTestPage" name="verifyerrormessage" time="0.073"/>
  <testcase classname="Module1_Test.EntrataHomeTestPage" name="verifycommertest" time="12.242"/>
</testsuite> <!-- Module1_Test.EntrataHomeTestPage -->
